\BOOKMARK [0][-]{chapter.1}{\376\377\000O\000v\000e\000r\000v\000i\000e\000w}{}% 1
\BOOKMARK [1][-]{section.1.1}{\376\377\000D\000a\000t\000a\000s\000e\000t\000\040\000S\000t\000a\000n\000d\000a\000r\000d}{chapter.1}% 2
\BOOKMARK [0][-]{chapter.2}{\376\377\000G\000e\000t\000t\000i\000n\000g\000\040\000s\000t\000a\000r\000t\000e\000d}{}% 3
\BOOKMARK [1][-]{section.2.1}{\376\377\000I\000n\000s\000t\000a\000l\000l\000a\000t\000i\000o\000n}{chapter.2}% 4
\BOOKMARK [2][-]{subsection.2.1.1}{\376\377\000U\000s\000i\000n\000g\000\040\000p\000i\000p}{section.2.1}% 5
\BOOKMARK [0][-]{chapter.3}{\376\377\000E\000x\000a\000m\000p\000l\000e\000s}{}% 6
\BOOKMARK [1][-]{section.3.1}{\376\377\000B\000a\000s\000i\000c\000\040\000e\000x\000a\000m\000p\000l\000e}{chapter.3}% 7
\BOOKMARK [2][-]{subsection.3.1.1}{\376\377\000C\000r\000e\000a\000t\000i\000n\000g\000\040\000a\000\040\000D\000a\000t\000a\000s\000e\000t\000\040\000f\000r\000o\000m\000\040\000s\000c\000r\000a\000t\000c\000h}{section.3.1}% 8
\BOOKMARK [2][-]{subsection.3.1.2}{\376\377\000A\000d\000d\000i\000n\000g\000\040\000C\000o\000n\000f\000i\000g\000u\000r\000a\000t\000i\000o\000n\000s}{section.3.1}% 9
\BOOKMARK [3][-]{subsubsection*.3}{\376\377\000M\000a\000n\000u\000a\000l\000l\000y}{subsection.3.1.2}% 10
\BOOKMARK [3][-]{subsubsection*.4}{\376\377\000U\000s\000i\000n\000g\000\040\000l\000o\000a\000d\000\137\000d\000a\000t\000a\000\050\000\051}{subsection.3.1.2}% 11
\BOOKMARK [2][-]{subsection.3.1.3}{\376\377\000A\000p\000p\000l\000y\000i\000n\000g\000\040\000l\000a\000b\000e\000l\000s\000\040\000t\000o\000\040\000c\000o\000n\000f\000i\000g\000u\000r\000a\000t\000i\000o\000n\000s}{section.3.1}% 12
\BOOKMARK [2][-]{subsection.3.1.4}{\376\377\000C\000o\000n\000f\000i\000g\000u\000r\000a\000t\000i\000o\000n\000\040\000s\000e\000t\000s\000\040\000u\000s\000i\000n\000g\000\040\000r\000e\000g\000e\000x\000e\000s}{section.3.1}% 13
\BOOKMARK [2][-]{subsection.3.1.5}{\376\377\000S\000y\000n\000c\000h\000r\000o\000n\000i\000z\000i\000n\000g\000\040\000t\000h\000e\000\040\000d\000a\000t\000a\000s\000e\000t}{section.3.1}% 14
\BOOKMARK [2][-]{subsection.3.1.6}{\376\377\000P\000a\000r\000s\000i\000n\000g\000\040\000t\000h\000e\000\040\000d\000a\000t\000a}{section.3.1}% 15
\BOOKMARK [2][-]{subsection.3.1.7}{\376\377\000E\000x\000p\000l\000o\000r\000i\000n\000g\000\040\000t\000h\000e\000\040\000d\000a\000t\000a}{section.3.1}% 16
\BOOKMARK [2][-]{subsection.3.1.8}{\376\377\000P\000r\000o\000v\000i\000d\000i\000n\000g\000\040\000c\000a\000l\000c\000u\000l\000a\000t\000i\000o\000n\000\040\000m\000e\000t\000a\000d\000a\000t\000a}{section.3.1}% 17
\BOOKMARK [1][-]{section.3.2}{\376\377\000Q\000M\0009\000\040\000e\000x\000a\000m\000p\000l\000e}{chapter.3}% 18
\BOOKMARK [2][-]{subsection.3.2.1}{\376\377\000W\000r\000i\000t\000i\000n\000g\000\040\000a\000\040\000c\000u\000s\000t\000o\000m\000\040\000p\000r\000o\000p\000e\000r\000t\000y\000\040\000f\000o\000r\000\040\000Q\000M\0009}{section.3.2}% 19
\BOOKMARK [2][-]{subsection.3.2.2}{\376\377\000D\000e\000f\000i\000n\000i\000n\000g\000\040\000a\000\040\000r\000e\000a\000d\000e\000r\000\040\000f\000u\000n\000c\000t\000i\000o\000n}{section.3.2}% 20
\BOOKMARK [2][-]{subsection.3.2.3}{\376\377\000W\000r\000i\000t\000i\000n\000g\000\040\000t\000o\000\040\000M\000a\000r\000k\000d\000o\000w\000n}{section.3.2}% 21
\BOOKMARK [2][-]{subsection.3.2.4}{\376\377\000C\000l\000e\000a\000n\000i\000n\000g\000\040\000t\000h\000e\000\040\000d\000a\000t\000a\000s\000e\000t}{section.3.2}% 22
\BOOKMARK [1][-]{section.3.3}{\376\377\000S\000i\000\040\000P\000R\000X\000\040\000G\000A\000P}{chapter.3}% 23
\BOOKMARK [2][-]{subsection.3.3.1}{\376\377\000L\000o\000a\000d\000i\000n\000g\000\040\000f\000r\000o\000m\000\040\000a\000\040\000f\000i\000l\000e}{section.3.3}% 24
\BOOKMARK [2][-]{subsection.3.3.2}{\376\377\000M\000a\000n\000u\000a\000l\000l\000y\000\040\000c\000o\000n\000s\000t\000r\000u\000c\000t\000e\000d\000\040\000C\000o\000n\000f\000i\000g\000u\000r\000a\000t\000i\000o\000n\000S\000e\000t\000s}{section.3.3}% 25
\BOOKMARK [2][-]{subsection.3.3.3}{\376\377\000M\000a\000n\000u\000a\000l\000l\000y\000\040\000a\000p\000p\000l\000i\000e\000d\000\040\000C\000o\000n\000f\000i\000g\000u\000r\000a\000t\000i\000o\000n\000\040\000l\000a\000b\000e\000l\000s}{section.3.3}% 26
\BOOKMARK [2][-]{subsection.3.3.4}{\376\377\000R\000e\000n\000a\000m\000i\000n\000g\000\040\000C\000o\000n\000f\000i\000g\000u\000r\000a\000t\000i\000o\000n\000\040\000f\000i\000e\000l\000d\000s}{section.3.3}% 27
\BOOKMARK [2][-]{subsection.3.3.5}{\376\377\000F\000i\000l\000t\000e\000r\000i\000n\000g\000\040\000b\000a\000s\000e\000d\000\040\000o\000n\000\040\000X\000C\000-\000f\000u\000n\000c\000t\000i\000o\000n\000a\000l}{section.3.3}% 28
\BOOKMARK [0][-]{chapter.4}{\376\377\000U\000s\000a\000g\000e}{}% 29
\BOOKMARK [1][-]{section.4.1}{\376\377\000P\000r\000o\000p\000e\000r\000t\000y\000\040\000m\000a\000p}{chapter.4}% 30
\BOOKMARK [1][-]{section.4.2}{\376\377\000A\000p\000p\000l\000y\000i\000n\000g\000\040\000C\000o\000n\000f\000i\000g\000u\000r\000a\000t\000i\000o\000n\000\040\000l\000a\000b\000e\000l\000s}{chapter.4}% 31
\BOOKMARK [1][-]{section.4.3}{\376\377\000C\000u\000s\000t\000o\000m\000\040\000p\000r\000o\000p\000e\000r\000t\000i\000e\000s}{chapter.4}% 32
\BOOKMARK [1][-]{section.4.4}{\376\377\000R\000e\000a\000d\000i\000n\000g\000/\000w\000r\000i\000t\000i\000n\000g\000\040\000D\000a\000t\000a\000s\000e\000t\000s\000\040\000w\000i\000t\000h\000\040\000M\000a\000r\000k\000d\000o\000w\000n}{chapter.4}% 33
\BOOKMARK [1][-]{section.4.5}{\376\377\000V\000i\000s\000u\000a\000l\000i\000z\000a\000t\000i\000o\000n}{chapter.4}% 34
\BOOKMARK [1][-]{section.4.6}{\376\377\000F\000i\000l\000t\000e\000r\000i\000n\000g\000\040\000a\000\040\000D\000a\000t\000a\000s\000e\000t}{chapter.4}% 35
\BOOKMARK [1][-]{section.4.7}{\376\377\000C\000h\000e\000c\000k\000i\000n\000g\000\040\000f\000o\000r\000\040\000s\000u\000b\000s\000e\000t\000s}{chapter.4}% 36
\BOOKMARK [1][-]{section.4.8}{\376\377\000D\000a\000t\000a\000\040\000t\000r\000a\000n\000s\000f\000o\000r\000m\000a\000t\000i\000o\000n}{chapter.4}% 37
\BOOKMARK [1][-]{section.4.9}{\376\377\000T\000r\000a\000i\000n\000/\000t\000e\000s\000t\000\040\000s\000p\000l\000i\000t\000s}{chapter.4}% 38
\BOOKMARK [1][-]{section.4.10}{\376\377\000L\000o\000a\000d\000i\000n\000g\000\040\000d\000a\000t\000a}{chapter.4}% 39
\BOOKMARK [1][-]{section.4.11}{\376\377\000B\000u\000i\000l\000d\000i\000n\000g\000\040\000c\000o\000n\000f\000i\000g\000u\000r\000a\000t\000i\000o\000n\000\040\000s\000e\000t\000s}{chapter.4}% 40
\BOOKMARK [0][-]{chapter.5}{\376\377\000C\000l\000a\000s\000s\000e\000s}{}% 41
\BOOKMARK [1][-]{section.5.1}{\376\377\000C\000o\000r\000e\000\040\000c\000l\000a\000s\000s\000e\000s}{chapter.5}% 42
\BOOKMARK [2][-]{subsection.5.1.1}{\376\377\000C\000o\000n\000f\000i\000g\000u\000r\000a\000t\000i\000o\000n}{section.5.1}% 43
\BOOKMARK [2][-]{subsection.5.1.2}{\376\377\000P\000r\000o\000p\000e\000r\000t\000y}{section.5.1}% 44
\BOOKMARK [2][-]{subsection.5.1.3}{\376\377\000P\000r\000o\000p\000e\000r\000t\000y\000S\000e\000t\000t\000i\000n\000g\000s}{section.5.1}% 45
\BOOKMARK [2][-]{subsection.5.1.4}{\376\377\000C\000o\000n\000f\000i\000g\000u\000r\000a\000t\000i\000o\000n\000S\000e\000t}{section.5.1}% 46
\BOOKMARK [2][-]{subsection.5.1.5}{\376\377\000D\000a\000t\000a\000s\000e\000t}{section.5.1}% 47
\BOOKMARK [1][-]{section.5.2}{\376\377\000A\000d\000d\000i\000t\000i\000o\000n\000a\000l\000\040\000t\000o\000o\000l\000s}{chapter.5}% 48
\BOOKMARK [2][-]{subsection.5.2.1}{\376\377\000C\000o\000n\000v\000e\000r\000t\000e\000r}{section.5.2}% 49
\BOOKMARK [2][-]{subsection.5.2.2}{\376\377\000T\000r\000a\000n\000s\000f\000o\000r\000m}{section.5.2}% 50
\BOOKMARK [0][-]{chapter.6}{\376\377\000I\000n\000d\000i\000c\000e\000s\000\040\000a\000n\000d\000\040\000t\000a\000b\000l\000e\000s}{}% 51
\BOOKMARK [0][-]{section*.119}{\376\377\000P\000y\000t\000h\000o\000n\000\040\000M\000o\000d\000u\000l\000e\000\040\000I\000n\000d\000e\000x}{}% 52
\BOOKMARK [0][-]{section*.120}{\376\377\000I\000n\000d\000e\000x}{}% 53
