\BOOKMARK [0][-]{chapter.1}{\376\377\000O\000v\000e\000r\000v\000i\000e\000w}{}% 1
\BOOKMARK [0][-]{chapter.2}{\376\377\000G\000e\000t\000t\000i\000n\000g\000\040\000s\000t\000a\000r\000t\000e\000d}{}% 2
\BOOKMARK [1][-]{section.2.1}{\376\377\000I\000n\000s\000t\000a\000l\000l\000a\000t\000i\000o\000n}{chapter.2}% 3
\BOOKMARK [2][-]{subsection.2.1.1}{\376\377\000U\000s\000i\000n\000g\000\040\000p\000i\000p}{section.2.1}% 4
\BOOKMARK [0][-]{chapter.3}{\376\377\000E\000x\000a\000m\000p\000l\000e\000s}{}% 5
\BOOKMARK [1][-]{section.3.1}{\376\377\000B\000a\000s\000i\000c\000\040\000e\000x\000a\000m\000p\000l\000e}{chapter.3}% 6
\BOOKMARK [1][-]{section.3.2}{\376\377\000Q\000M\0009\000\040\000e\000x\000a\000m\000p\000l\000e}{chapter.3}% 7
\BOOKMARK [1][-]{section.3.3}{\376\377\000S\000i\000\040\000P\000R\000X\000\040\000G\000A\000P}{chapter.3}% 8
\BOOKMARK [0][-]{chapter.4}{\376\377\000U\000s\000a\000g\000e}{}% 9
\BOOKMARK [1][-]{section.4.1}{\376\377\000V\000i\000s\000u\000a\000l\000i\000z\000a\000t\000i\000o\000n}{chapter.4}% 10
\BOOKMARK [1][-]{section.4.2}{\376\377\000F\000i\000l\000t\000e\000r\000i\000n\000g}{chapter.4}% 11
\BOOKMARK [1][-]{section.4.3}{\376\377\000C\000h\000e\000c\000k\000i\000n\000g\000\040\000f\000o\000r\000\040\000s\000u\000b\000s\000e\000t\000s}{chapter.4}% 12
\BOOKMARK [0][-]{chapter.5}{\376\377\000C\000l\000a\000s\000s\000e\000s}{}% 13
\BOOKMARK [1][-]{section.5.1}{\376\377\000C\000o\000n\000f\000i\000g\000u\000r\000a\000t\000i\000o\000n}{chapter.5}% 14
\BOOKMARK [1][-]{section.5.2}{\376\377\000P\000r\000o\000p\000e\000r\000t\000y}{chapter.5}% 15
\BOOKMARK [1][-]{section.5.3}{\376\377\000P\000r\000o\000p\000e\000r\000t\000y\000S\000e\000t\000t\000i\000n\000g\000s}{chapter.5}% 16
\BOOKMARK [1][-]{section.5.4}{\376\377\000C\000o\000n\000f\000i\000g\000u\000r\000a\000t\000i\000o\000n\000S\000e\000t}{chapter.5}% 17
\BOOKMARK [1][-]{section.5.5}{\376\377\000C\000o\000n\000v\000e\000r\000t\000e\000r}{chapter.5}% 18
\BOOKMARK [1][-]{section.5.6}{\376\377\000D\000a\000t\000a\000s\000e\000t}{chapter.5}% 19
\BOOKMARK [1][-]{section.5.7}{\376\377\000T\000r\000a\000n\000s\000f\000o\000r\000m}{chapter.5}% 20
\BOOKMARK [0][-]{chapter.6}{\376\377\000I\000n\000d\000i\000c\000e\000s\000\040\000a\000n\000d\000\040\000t\000a\000b\000l\000e\000s}{}% 21
\BOOKMARK [0][-]{section*.97}{\376\377\000P\000y\000t\000h\000o\000n\000\040\000M\000o\000d\000u\000l\000e\000\040\000I\000n\000d\000e\000x}{}% 22
\BOOKMARK [0][-]{section*.98}{\376\377\000I\000n\000d\000e\000x}{}% 23
